572  [main] INFO  r.l.p.Practice16Application
                – Starting Practice16Application using Java 21.0.3 with PID 16964 (C:\Users\Letton\Documents\java-practice\practice_19\build\classes\java\main started by Letton in C:\Users\Letton\Documents\java-practice\practice_19)
573  [main] INFO  r.l.p.Practice16Application
                – No active profile set, falling back to 1 default profile: "default"
1087 [main] INFO  o.s.d.r.c.RepositoryConfigurationDelegate
                – Bootstrapping Spring Data JPA repositories in DEFAULT mode.
1137 [main] INFO  o.s.d.r.c.RepositoryConfigurationDelegate
                – Finished Spring Data repository scanning in 42 ms. Found 2 JPA repository interfaces.
1548 [main] INFO  o.s.b.w.e.tomcat.TomcatWebServer
                – Tomcat initialized with port 8080 (http)
1557 [main] INFO  o.a.coyote.http11.Http11NioProtocol
                – Initializing ProtocolHandler ["http-nio-8080"]
1558 [main] INFO  o.a.catalina.core.StandardService
                – Starting service [Tomcat]
1558 [main] INFO  o.a.catalina.core.StandardEngine
                – Starting Servlet engine: [Apache Tomcat/10.1.20]
1605 [main] INFO  o.a.c.c.C.[Tomcat].[localhost].[/]
                – Initializing Spring embedded WebApplicationContext
1605 [main] INFO  o.s.b.w.s.c.ServletWebServerApplicationContext
                – Root WebApplicationContext: initialization completed in 998 ms
1728 [main] INFO  o.h.jpa.internal.util.LogHelper
                – HHH000204: Processing PersistenceUnitInfo [name: default]
1789 [main] INFO  org.hibernate.Version
                – HHH000412: Hibernate ORM core version 6.4.4.Final
1824 [main] INFO  o.h.c.i.RegionFactoryInitiator
                – HHH000026: Second-level cache disabled
2066 [main] INFO  o.s.o.j.p.SpringPersistenceUnitInfo
                – No LoadTimeWeaver setup: ignoring JPA class transformer
2090 [main] INFO  com.zaxxer.hikari.HikariDataSource
                – HikariPool-1 - Starting...
2230 [main] INFO  com.zaxxer.hikari.pool.HikariPool
                – HikariPool-1 - Added connection org.postgresql.jdbc.PgConnection@505f45cc
2232 [main] INFO  com.zaxxer.hikari.HikariDataSource
                – HikariPool-1 - Start completed.
3093 [main] INFO  o.h.e.t.j.p.i.JtaPlatformInitiator
                – HHH000489: No JTA platform available (set 'hibernate.transaction.jta.platform' to enable JTA platform integration)
3168 [main] INFO  o.s.o.j.LocalContainerEntityManagerFactoryBean
                – Initialized JPA EntityManagerFactory for persistence unit 'default'
3393 [main] WARN  o.s.b.a.o.j.JpaBaseConfiguration$JpaWebConfiguration
                – spring.jpa.open-in-view is enabled by default. Therefore, database queries may be performed during view rendering. Explicitly configure spring.jpa.open-in-view to disable this warning
3665 [main] INFO  o.a.coyote.http11.Http11NioProtocol
                – Starting ProtocolHandler ["http-nio-8080"]
3677 [main] INFO  o.s.b.w.e.tomcat.TomcatWebServer
                – Tomcat started on port 8080 (http) with context path ''
3683 [main] INFO  r.l.p.Practice16Application
                – Started Practice16Application in 3.4 seconds (process running for 4.108)
18207 [SpringApplicationShutdownHook] INFO  o.s.o.j.LocalContainerEntityManagerFactoryBean
                – Closing JPA EntityManagerFactory for persistence unit 'default'
18208 [SpringApplicationShutdownHook] INFO  com.zaxxer.hikari.HikariDataSource
                – HikariPool-1 - Shutdown initiated...
18212 [SpringApplicationShutdownHook] INFO  com.zaxxer.hikari.HikariDataSource
                – HikariPool-1 - Shutdown completed.
476  [main] INFO  r.l.p.Practice16Application
                – Starting Practice16Application using Java 21.0.3 with PID 6820 (C:\Users\Letton\Documents\java-practice\practice_19\build\classes\java\main started by Letton in C:\Users\Letton\Documents\java-practice\practice_19)
477  [main] INFO  r.l.p.Practice16Application
                – No active profile set, falling back to 1 default profile: "default"
914  [main] INFO  o.s.d.r.c.RepositoryConfigurationDelegate
                – Bootstrapping Spring Data JPA repositories in DEFAULT mode.
952  [main] INFO  o.s.d.r.c.RepositoryConfigurationDelegate
                – Finished Spring Data repository scanning in 33 ms. Found 2 JPA repository interfaces.
1322 [main] INFO  o.s.b.w.e.tomcat.TomcatWebServer
                – Tomcat initialized with port 8080 (http)
1329 [main] INFO  o.a.coyote.http11.Http11NioProtocol
                – Initializing ProtocolHandler ["http-nio-8080"]
1331 [main] INFO  o.a.catalina.core.StandardService
                – Starting service [Tomcat]
1331 [main] INFO  o.a.catalina.core.StandardEngine
                – Starting Servlet engine: [Apache Tomcat/10.1.20]
1370 [main] INFO  o.a.c.c.C.[Tomcat].[localhost].[/]
                – Initializing Spring embedded WebApplicationContext
1370 [main] INFO  o.s.b.w.s.c.ServletWebServerApplicationContext
                – Root WebApplicationContext: initialization completed in 864 ms
1480 [main] INFO  o.h.jpa.internal.util.LogHelper
                – HHH000204: Processing PersistenceUnitInfo [name: default]
1521 [main] INFO  org.hibernate.Version
                – HHH000412: Hibernate ORM core version 6.4.4.Final
1548 [main] INFO  o.h.c.i.RegionFactoryInitiator
                – HHH000026: Second-level cache disabled
1740 [main] INFO  o.s.o.j.p.SpringPersistenceUnitInfo
                – No LoadTimeWeaver setup: ignoring JPA class transformer
1763 [main] INFO  com.zaxxer.hikari.HikariDataSource
                – HikariPool-1 - Starting...
1884 [main] INFO  com.zaxxer.hikari.pool.HikariPool
                – HikariPool-1 - Added connection org.postgresql.jdbc.PgConnection@994544
1885 [main] INFO  com.zaxxer.hikari.HikariDataSource
                – HikariPool-1 - Start completed.
2685 [main] INFO  o.h.e.t.j.p.i.JtaPlatformInitiator
                – HHH000489: No JTA platform available (set 'hibernate.transaction.jta.platform' to enable JTA platform integration)
2748 [main] INFO  o.s.o.j.LocalContainerEntityManagerFactoryBean
                – Initialized JPA EntityManagerFactory for persistence unit 'default'
2955 [main] WARN  o.s.b.a.o.j.JpaBaseConfiguration$JpaWebConfiguration
                – spring.jpa.open-in-view is enabled by default. Therefore, database queries may be performed during view rendering. Explicitly configure spring.jpa.open-in-view to disable this warning
3209 [main] INFO  o.a.coyote.http11.Http11NioProtocol
                – Starting ProtocolHandler ["http-nio-8080"]
3223 [main] INFO  o.s.b.w.e.tomcat.TomcatWebServer
                – Tomcat started on port 8080 (http) with context path ''
3230 [main] INFO  r.l.p.Practice16Application
                – Started Practice16Application in 3.001 seconds (process running for 3.565)
37539 [SpringApplicationShutdownHook] INFO  o.s.o.j.LocalContainerEntityManagerFactoryBean
                – Closing JPA EntityManagerFactory for persistence unit 'default'
37541 [SpringApplicationShutdownHook] INFO  com.zaxxer.hikari.HikariDataSource
                – HikariPool-1 - Shutdown initiated...
37542 [SpringApplicationShutdownHook] INFO  com.zaxxer.hikari.HikariDataSource
                – HikariPool-1 - Shutdown completed.
499  [main] INFO  r.l.p.Practice16Application
                – Starting Practice16Application using Java 21.0.3 with PID 17676 (C:\Users\Letton\Documents\java-practice\practice_19\build\classes\java\main started by Letton in C:\Users\Letton\Documents\java-practice\practice_19)
501  [main] INFO  r.l.p.Practice16Application
                – No active profile set, falling back to 1 default profile: "default"
939  [main] INFO  o.s.d.r.c.RepositoryConfigurationDelegate
                – Bootstrapping Spring Data JPA repositories in DEFAULT mode.
988  [main] INFO  o.s.d.r.c.RepositoryConfigurationDelegate
                – Finished Spring Data repository scanning in 43 ms. Found 2 JPA repository interfaces.
1333 [main] INFO  o.s.b.w.e.tomcat.TomcatWebServer
                – Tomcat initialized with port 8080 (http)
1341 [main] INFO  o.a.coyote.http11.Http11NioProtocol
                – Initializing ProtocolHandler ["http-nio-8080"]
1342 [main] INFO  o.a.catalina.core.StandardService
                – Starting service [Tomcat]
1342 [main] INFO  o.a.catalina.core.StandardEngine
                – Starting Servlet engine: [Apache Tomcat/10.1.20]
1383 [main] INFO  o.a.c.c.C.[Tomcat].[localhost].[/]
                – Initializing Spring embedded WebApplicationContext
1383 [main] INFO  o.s.b.w.s.c.ServletWebServerApplicationContext
                – Root WebApplicationContext: initialization completed in 853 ms
1492 [main] INFO  o.h.jpa.internal.util.LogHelper
                – HHH000204: Processing PersistenceUnitInfo [name: default]
1535 [main] INFO  org.hibernate.Version
                – HHH000412: Hibernate ORM core version 6.4.4.Final
1562 [main] INFO  o.h.c.i.RegionFactoryInitiator
                – HHH000026: Second-level cache disabled
1761 [main] INFO  o.s.o.j.p.SpringPersistenceUnitInfo
                – No LoadTimeWeaver setup: ignoring JPA class transformer
1783 [main] INFO  com.zaxxer.hikari.HikariDataSource
                – HikariPool-1 - Starting...
1899 [main] INFO  com.zaxxer.hikari.pool.HikariPool
                – HikariPool-1 - Added connection org.postgresql.jdbc.PgConnection@7f8c48f3
1900 [main] INFO  com.zaxxer.hikari.HikariDataSource
                – HikariPool-1 - Start completed.
2644 [main] INFO  o.h.e.t.j.p.i.JtaPlatformInitiator
                – HHH000489: No JTA platform available (set 'hibernate.transaction.jta.platform' to enable JTA platform integration)
2707 [main] INFO  o.s.o.j.LocalContainerEntityManagerFactoryBean
                – Initialized JPA EntityManagerFactory for persistence unit 'default'
2970 [main] WARN  o.s.b.a.o.j.JpaBaseConfiguration$JpaWebConfiguration
                – spring.jpa.open-in-view is enabled by default. Therefore, database queries may be performed during view rendering. Explicitly configure spring.jpa.open-in-view to disable this warning
3207 [main] INFO  o.a.coyote.http11.Http11NioProtocol
                – Starting ProtocolHandler ["http-nio-8080"]
3220 [main] INFO  o.s.b.w.e.tomcat.TomcatWebServer
                – Tomcat started on port 8080 (http) with context path ''
3226 [main] INFO  r.l.p.Practice16Application
                – Started Practice16Application in 3.001 seconds (process running for 3.564)
49797 [http-nio-8080-exec-1] INFO  o.a.c.c.C.[Tomcat].[localhost].[/]
                – Initializing Spring DispatcherServlet 'dispatcherServlet'
49797 [http-nio-8080-exec-1] INFO  o.s.web.servlet.DispatcherServlet
                – Initializing Servlet 'dispatcherServlet'
49798 [http-nio-8080-exec-1] INFO  o.s.web.servlet.DispatcherServlet
                – Completed initialization in 1 ms
81070 [SpringApplicationShutdownHook] INFO  o.s.o.j.LocalContainerEntityManagerFactoryBean
                – Closing JPA EntityManagerFactory for persistence unit 'default'
81071 [SpringApplicationShutdownHook] INFO  com.zaxxer.hikari.HikariDataSource
                – HikariPool-1 - Shutdown initiated...
81073 [SpringApplicationShutdownHook] INFO  com.zaxxer.hikari.HikariDataSource
                – HikariPool-1 - Shutdown completed.
484  [main] INFO  r.l.p.Practice16Application
                – Starting Practice16Application using Java 21.0.3 with PID 24116 (C:\Users\Letton\Documents\java-practice\practice_19\build\classes\java\main started by Letton in C:\Users\Letton\Documents\java-practice\practice_19)
485  [main] INFO  r.l.p.Practice16Application
                – No active profile set, falling back to 1 default profile: "default"
946  [main] INFO  o.s.d.r.c.RepositoryConfigurationDelegate
                – Bootstrapping Spring Data JPA repositories in DEFAULT mode.
985  [main] INFO  o.s.d.r.c.RepositoryConfigurationDelegate
                – Finished Spring Data repository scanning in 34 ms. Found 2 JPA repository interfaces.
1343 [main] INFO  o.s.b.w.e.tomcat.TomcatWebServer
                – Tomcat initialized with port 8080 (http)
1351 [main] INFO  o.a.coyote.http11.Http11NioProtocol
                – Initializing ProtocolHandler ["http-nio-8080"]
1352 [main] INFO  o.a.catalina.core.StandardService
                – Starting service [Tomcat]
1352 [main] INFO  o.a.catalina.core.StandardEngine
                – Starting Servlet engine: [Apache Tomcat/10.1.20]
1393 [main] INFO  o.a.c.c.C.[Tomcat].[localhost].[/]
                – Initializing Spring embedded WebApplicationContext
1393 [main] INFO  o.s.b.w.s.c.ServletWebServerApplicationContext
                – Root WebApplicationContext: initialization completed in 878 ms
1504 [main] INFO  o.h.jpa.internal.util.LogHelper
                – HHH000204: Processing PersistenceUnitInfo [name: default]
1545 [main] INFO  org.hibernate.Version
                – HHH000412: Hibernate ORM core version 6.4.4.Final
1578 [main] INFO  o.h.c.i.RegionFactoryInitiator
                – HHH000026: Second-level cache disabled
1777 [main] INFO  o.s.o.j.p.SpringPersistenceUnitInfo
                – No LoadTimeWeaver setup: ignoring JPA class transformer
1800 [main] INFO  com.zaxxer.hikari.HikariDataSource
                – HikariPool-1 - Starting...
1923 [main] INFO  com.zaxxer.hikari.pool.HikariPool
                – HikariPool-1 - Added connection org.postgresql.jdbc.PgConnection@faec277
1924 [main] INFO  com.zaxxer.hikari.HikariDataSource
                – HikariPool-1 - Start completed.
2696 [main] INFO  o.h.e.t.j.p.i.JtaPlatformInitiator
                – HHH000489: No JTA platform available (set 'hibernate.transaction.jta.platform' to enable JTA platform integration)
2761 [main] INFO  o.s.o.j.LocalContainerEntityManagerFactoryBean
                – Initialized JPA EntityManagerFactory for persistence unit 'default'
3037 [main] WARN  o.s.b.a.o.j.JpaBaseConfiguration$JpaWebConfiguration
                – spring.jpa.open-in-view is enabled by default. Therefore, database queries may be performed during view rendering. Explicitly configure spring.jpa.open-in-view to disable this warning
3290 [main] INFO  o.a.coyote.http11.Http11NioProtocol
                – Starting ProtocolHandler ["http-nio-8080"]
3304 [main] INFO  o.s.b.w.e.tomcat.TomcatWebServer
                – Tomcat started on port 8080 (http) with context path ''
3310 [main] INFO  r.l.p.Practice16Application
                – Started Practice16Application in 3.081 seconds (process running for 3.67)
12202 [http-nio-8080-exec-1] INFO  o.a.c.c.C.[Tomcat].[localhost].[/]
                – Initializing Spring DispatcherServlet 'dispatcherServlet'
12202 [http-nio-8080-exec-1] INFO  o.s.web.servlet.DispatcherServlet
                – Initializing Servlet 'dispatcherServlet'
12203 [http-nio-8080-exec-1] INFO  o.s.web.servlet.DispatcherServlet
                – Completed initialization in 1 ms
12233 [http-nio-8080-exec-1] INFO  r.l.p.services.FilterService
                – Filter Game
97446 [SpringApplicationShutdownHook] INFO  o.s.o.j.LocalContainerEntityManagerFactoryBean
                – Closing JPA EntityManagerFactory for persistence unit 'default'
97447 [SpringApplicationShutdownHook] INFO  com.zaxxer.hikari.HikariDataSource
                – HikariPool-1 - Shutdown initiated...
97450 [SpringApplicationShutdownHook] INFO  com.zaxxer.hikari.HikariDataSource
                – HikariPool-1 - Shutdown completed.
690  [main] INFO  r.l.p.Practice16Application
                – Starting Practice16Application using Java 21.0.3 with PID 20396 (C:\Users\Letton\Documents\java-practice\practice_20\build\classes\java\main started by Letton in C:\Users\Letton\Documents\java-practice\practice_20)
692  [main] INFO  r.l.p.Practice16Application
                – No active profile set, falling back to 1 default profile: "default"
1318 [main] INFO  o.s.d.r.c.RepositoryConfigurationDelegate
                – Bootstrapping Spring Data JPA repositories in DEFAULT mode.
1369 [main] INFO  o.s.d.r.c.RepositoryConfigurationDelegate
                – Finished Spring Data repository scanning in 44 ms. Found 2 JPA repository interfaces.
1980 [main] INFO  o.s.b.w.e.tomcat.TomcatWebServer
                – Tomcat initialized with port 8080 (http)
1990 [main] INFO  o.a.coyote.http11.Http11NioProtocol
                – Initializing ProtocolHandler ["http-nio-8080"]
1991 [main] INFO  o.a.catalina.core.StandardService
                – Starting service [Tomcat]
1991 [main] INFO  o.a.catalina.core.StandardEngine
                – Starting Servlet engine: [Apache Tomcat/10.1.20]
2047 [main] INFO  o.a.c.c.C.[Tomcat].[localhost].[/]
                – Initializing Spring embedded WebApplicationContext
2047 [main] INFO  o.s.b.w.s.c.ServletWebServerApplicationContext
                – Root WebApplicationContext: initialization completed in 1323 ms
2210 [main] INFO  o.h.jpa.internal.util.LogHelper
                – HHH000204: Processing PersistenceUnitInfo [name: default]
2278 [main] INFO  org.hibernate.Version
                – HHH000412: Hibernate ORM core version 6.4.4.Final
2310 [main] INFO  o.h.c.i.RegionFactoryInitiator
                – HHH000026: Second-level cache disabled
2568 [main] INFO  o.s.o.j.p.SpringPersistenceUnitInfo
                – No LoadTimeWeaver setup: ignoring JPA class transformer
2596 [main] INFO  com.zaxxer.hikari.HikariDataSource
                – HikariPool-1 - Starting...
2763 [main] INFO  com.zaxxer.hikari.pool.HikariPool
                – HikariPool-1 - Added connection org.postgresql.jdbc.PgConnection@7ea07516
2765 [main] INFO  com.zaxxer.hikari.HikariDataSource
                – HikariPool-1 - Start completed.
3658 [main] INFO  o.h.e.t.j.p.i.JtaPlatformInitiator
                – HHH000489: No JTA platform available (set 'hibernate.transaction.jta.platform' to enable JTA platform integration)
3754 [main] INFO  o.s.o.j.LocalContainerEntityManagerFactoryBean
                – Initialized JPA EntityManagerFactory for persistence unit 'default'
4185 [main] WARN  o.s.b.a.o.j.JpaBaseConfiguration$JpaWebConfiguration
                – spring.jpa.open-in-view is enabled by default. Therefore, database queries may be performed during view rendering. Explicitly configure spring.jpa.open-in-view to disable this warning
4572 [main] INFO  o.a.coyote.http11.Http11NioProtocol
                – Starting ProtocolHandler ["http-nio-8080"]
4584 [main] INFO  o.s.b.w.e.tomcat.TomcatWebServer
                – Tomcat started on port 8080 (http) with context path ''
4590 [main] INFO  r.l.p.Practice16Application
                – Started Practice16Application in 4.233 seconds (process running for 5.042)
9420 [http-nio-8080-exec-1] INFO  o.a.c.c.C.[Tomcat].[localhost].[/]
                – Initializing Spring DispatcherServlet 'dispatcherServlet'
9420 [http-nio-8080-exec-1] INFO  o.s.web.servlet.DispatcherServlet
                – Initializing Servlet 'dispatcherServlet'
9421 [http-nio-8080-exec-1] INFO  o.s.web.servlet.DispatcherServlet
                – Completed initialization in 1 ms
9455 [http-nio-8080-exec-1] INFO  r.l.p.services.FilterService
                – Filter Game
9566 [http-nio-8080-exec-1] INFO  r.l.p.aspects.LoggingAspect
                – List ru.letton.practice_16.services.FilterService.filterGames(String,LocalDate,Integer) executed in 111 ms
1502367 [SpringApplicationShutdownHook] INFO  o.s.o.j.LocalContainerEntityManagerFactoryBean
                – Closing JPA EntityManagerFactory for persistence unit 'default'
1502369 [SpringApplicationShutdownHook] INFO  com.zaxxer.hikari.HikariDataSource
                – HikariPool-1 - Shutdown initiated...
1502371 [SpringApplicationShutdownHook] INFO  com.zaxxer.hikari.HikariDataSource
                – HikariPool-1 - Shutdown completed.
